android/app/build/intermediates/manifest_merge_blame_file/release/manifest-merger-blame-release-report.txt
1<?xml version="1.0" encoding="utf-8"?>
2<manifest xmlns:android="http://schemas.android.com/apk/res/android"
3    package="com.miproyecto"
4    android:versionCode="1"
5    android:versionName="1.0" >
6
7    <uses-sdk
8        android:minSdkVersion="21"
8-->src/main/AndroidManifest.xml
9        android:targetSdkVersion="33" />
9-->src/main/AndroidManifest.xml
10
11    <uses-permission android:name="android.permission.INTERNET" />
11-->src/main/AndroidManifest.xml:4:5-67
11-->src/main/AndroidManifest.xml:4:22-64
12    <!-- Para Android 13+ -->
13    <uses-permission android:name="android.permission.READ_MEDIA_AUDIO" />
13-->src/main/AndroidManifest.xml:6:5-75
13-->src/main/AndroidManifest.xml:6:22-72
14
15    <!-- Para Android 12 y anteriores -->
16    <uses-permission android:name="android.permission.READ_EXTERNAL_STORAGE" />
16-->src/main/AndroidManifest.xml:9:5-80
16-->src/main/AndroidManifest.xml:9:22-77
17    <uses-permission android:name="android.permission.WRITE_EXTERNAL_STORAGE" />
17-->[:react-native-fs] AndroidManifest.xml:7:5-81
17-->[:react-native-fs] AndroidManifest.xml:7:22-78
18    <uses-permission android:name="android.permission.WAKE_LOCK" />
18-->[:react-native-track-player] AndroidManifest.xml:7:5-68
18-->[:react-native-track-player] AndroidManifest.xml:7:22-65
19    <uses-permission android:name="android.permission.FOREGROUND_SERVICE" />
19-->[:react-native-track-player] AndroidManifest.xml:8:5-77
19-->[:react-native-track-player] AndroidManifest.xml:8:22-74
20    <uses-permission android:name="android.permission.FOREGROUND_SERVICE_MEDIA_PLAYBACK" />
20-->[:react-native-track-player] AndroidManifest.xml:9:5-92
20-->[:react-native-track-player] AndroidManifest.xml:9:22-89
21
22    <queries>
22-->[androidx.test:runner:1.4.0] AndroidManifest.xml:24:5-28:15
23        <package android:name="androidx.test.orchestrator" />
23-->[androidx.test:runner:1.4.0] AndroidManifest.xml:25:9-62
23-->[androidx.test:runner:1.4.0] AndroidManifest.xml:25:18-59
24        <package android:name="androidx.test.services" />
24-->[androidx.test:runner:1.4.0] AndroidManifest.xml:26:9-58
24-->[androidx.test:runner:1.4.0] AndroidManifest.xml:26:18-55
25        <package android:name="com.google.android.apps.common.testing.services" />
25-->[androidx.test:runner:1.4.0] AndroidManifest.xml:27:9-83
25-->[androidx.test:runner:1.4.0] AndroidManifest.xml:27:18-80
26    </queries>
27
28    <uses-permission android:name="android.permission.ACCESS_NETWORK_STATE" />
28-->[com.google.android.exoplayer:exoplayer-core:2.19.0] AndroidManifest.xml:24:5-79
28-->[com.google.android.exoplayer:exoplayer-core:2.19.0] AndroidManifest.xml:24:22-76
29
30    <permission
30-->[androidx.core:core:1.9.0] AndroidManifest.xml:22:5-24:47
31        android:name="com.miproyecto.DYNAMIC_RECEIVER_NOT_EXPORTED_PERMISSION"
31-->[androidx.core:core:1.9.0] AndroidManifest.xml:23:9-81
32        android:protectionLevel="signature" />
32-->[androidx.core:core:1.9.0] AndroidManifest.xml:24:9-44
33
34    <uses-permission android:name="com.miproyecto.DYNAMIC_RECEIVER_NOT_EXPORTED_PERMISSION" />
34-->[androidx.core:core:1.9.0] AndroidManifest.xml:26:5-97
34-->[androidx.core:core:1.9.0] AndroidManifest.xml:26:22-94
35
36    <application
36-->src/main/AndroidManifest.xml:11:5-38:19
37        android:name="com.miproyecto.MainApplication"
37-->src/main/AndroidManifest.xml:12:7-38
38        android:allowBackup="false"
38-->src/main/AndroidManifest.xml:16:7-34
39        android:appComponentFactory="androidx.core.app.CoreComponentFactory"
39-->[androidx.core:core:1.9.0] AndroidManifest.xml:28:18-86
40        android:icon="@mipmap/ic_launcher"
40-->src/main/AndroidManifest.xml:14:7-41
41        android:label="@string/app_name"
41-->src/main/AndroidManifest.xml:13:7-39
42        android:roundIcon="@mipmap/ic_launcher_round"
42-->src/main/AndroidManifest.xml:15:7-52
43        android:theme="@style/AppTheme" >
43-->src/main/AndroidManifest.xml:17:7-38
44
45        <!-- 🔥 ESTE ES EL IMPORTANTE -->
46        <service
46-->src/main/AndroidManifest.xml:20:7-23:44
47            android:name="com.doublesymmetry.trackplayer.service.MusicService"
47-->src/main/AndroidManifest.xml:21:9-75
48            android:enabled="true"
48-->[:react-native-track-player] AndroidManifest.xml:16:13-35
49            android:exported="true"
49-->src/main/AndroidManifest.xml:22:9-32
50            android:foregroundServiceType="mediaPlayback" >
50-->[:react-native-track-player] AndroidManifest.xml:18:13-58
51            <intent-filter>
51-->[:react-native-track-player] AndroidManifest.xml:19:13-21:29
52                <action android:name="android.intent.action.MEDIA_BUTTON" />
52-->[:react-native-track-player] AndroidManifest.xml:20:17-77
52-->[:react-native-track-player] AndroidManifest.xml:20:25-74
53            </intent-filter>
54        </service>
55
56        <activity
56-->src/main/AndroidManifest.xml:25:7-36:18
57            android:name="com.miproyecto.MainActivity"
57-->src/main/AndroidManifest.xml:26:9-37
58            android:configChanges="keyboard|keyboardHidden|orientation|screenLayout|screenSize|smallestScreenSize|uiMode"
58-->src/main/AndroidManifest.xml:28:9-118
59            android:exported="true"
59-->src/main/AndroidManifest.xml:31:9-32
60            android:label="@string/app_name"
60-->src/main/AndroidManifest.xml:27:9-41
61            android:launchMode="singleTask"
61-->src/main/AndroidManifest.xml:29:9-40
62            android:windowSoftInputMode="adjustResize" >
62-->src/main/AndroidManifest.xml:30:9-51
63            <intent-filter>
63-->src/main/AndroidManifest.xml:32:9-35:25
64                <action android:name="android.intent.action.MAIN" />
64-->src/main/AndroidManifest.xml:33:13-65
64-->src/main/AndroidManifest.xml:33:21-62
65
66                <category android:name="android.intent.category.LAUNCHER" />
66-->src/main/AndroidManifest.xml:34:13-73
66-->src/main/AndroidManifest.xml:34:23-70
67            </intent-filter>
68        </activity>
69
70        <provider
70-->[androidx.emoji2:emoji2:1.2.0] AndroidManifest.xml:24:9-32:20
71            android:name="androidx.startup.InitializationProvider"
71-->[androidx.emoji2:emoji2:1.2.0] AndroidManifest.xml:25:13-67
72            android:authorities="com.miproyecto.androidx-startup"
72-->[androidx.emoji2:emoji2:1.2.0] AndroidManifest.xml:26:13-68
73            android:exported="false" >
73-->[androidx.emoji2:emoji2:1.2.0] AndroidManifest.xml:27:13-37
74            <meta-data
74-->[androidx.emoji2:emoji2:1.2.0] AndroidManifest.xml:29:13-31:52
75                android:name="androidx.emoji2.text.EmojiCompatInitializer"
75-->[androidx.emoji2:emoji2:1.2.0] AndroidManifest.xml:30:17-75
76                android:value="androidx.startup" />
76-->[androidx.emoji2:emoji2:1.2.0] AndroidManifest.xml:31:17-49
77            <meta-data
77-->[androidx.lifecycle:lifecycle-process:2.5.1] AndroidManifest.xml:31:13-33:52
78                android:name="androidx.lifecycle.ProcessLifecycleInitializer"
78-->[androidx.lifecycle:lifecycle-process:2.5.1] AndroidManifest.xml:32:17-78
79                android:value="androidx.startup" />
79-->[androidx.lifecycle:lifecycle-process:2.5.1] AndroidManifest.xml:33:17-49
80        </provider>
81
82        <meta-data
82-->[com.facebook.soloader:soloader:0.10.5] AndroidManifest.xml:12:9-14:37
83            android:name="com.facebook.soloader.enabled"
83-->[com.facebook.soloader:soloader:0.10.5] AndroidManifest.xml:13:13-57
84            android:value="false" />
84-->[com.facebook.soloader:soloader:0.10.5] AndroidManifest.xml:14:13-34
85    </application>
86
87</manifest>